# JRE version: Java(TM) SE Runtime Environment (11.0+28) (build 11+28)
# Java VM: Java HotSpot(TM) 64-Bit Server VM (11+28, mixed mode, tiered, compressed oops, g1 gc, windows-amd64)
Heap:
 garbage-first heap   total 472064K, used 99262K [0x0000000681a00000, 0x0000000800000000)
  region size 1024K, 87 young (89088K), 27 survivors (27648K)
 Metaspace       used 75981K, capacity 77683K, committed 77948K, reserved 1116160K
  class space    used 9612K, capacity 10268K, committed 10364K, reserved 1048576K
GC Heap History (10 events):
Event: 2.975 GC heap before
{Heap before GC invocations=4 (full 0):
 garbage-first heap   total 393216K, used 69429K [0x0000000681a00000, 0x0000000800000000)
  region size 1024K, 61 young (62464K), 2 survivors (2048K)
 Metaspace       used 30620K, capacity 31310K, committed 31612K, reserved 1077248K
  class space    used 3567K, capacity 3847K, committed 3964K, reserved 1048576K
}
Event: 2.984 GC heap after
{Heap after GC invocations=5 (full 0):
 garbage-first heap   total 393216K, used 12274K [0x0000000681a00000, 0x0000000800000000)
  region size 1024K, 5 young (5120K), 5 survivors (5120K)
 Metaspace       used 30620K, capacity 31310K, committed 31612K, reserved 1077248K
  class space    used 3567K, capacity 3847K, committed 3964K, reserved 1048576K
}
Event: 4.270 GC heap before
{Heap before GC invocations=6 (full 0):
 garbage-first heap   total 393216K, used 101362K [0x0000000681a00000, 0x0000000800000000)
  region size 1024K, 93 young (95232K), 5 survivors (5120K)
 Metaspace       used 34197K, capacity 35043K, committed 35196K, reserved 1079296K
  class space    used 4039K, capacity 4336K, committed 4476K, reserved 1048576K
}
Event: 4.279 GC heap after
{Heap after GC invocations=7 (full 0):
 garbage-first heap   total 393216K, used 15847K [0x0000000681a00000, 0x0000000800000000)
  region size 1024K, 9 young (9216K), 9 survivors (9216K)
 Metaspace       used 34197K, capacity 35043K, committed 35196K, reserved 1079296K
  class space    used 4039K, capacity 4336K, committed 4476K, reserved 1048576K
}
Event: 7.248 GC heap before
{Heap before GC invocations=7 (full 0):
 garbage-first heap   total 393216K, used 147943K [0x0000000681a00000, 0x0000000800000000)
  region size 1024K, 139 young (142336K), 9 survivors (9216K)
 Metaspace       used 44131K, capacity 45189K, committed 45308K, reserved 1089536K
  class space    used 5161K, capacity 5568K, committed 5628K, reserved 1048576K
}
Event: 7.261 GC heap after
{Heap after GC invocations=8 (full 0):
 garbage-first heap   total 393216K, used 21840K [0x0000000681a00000, 0x0000000800000000)
  region size 1024K, 15 young (15360K), 15 survivors (15360K)
 Metaspace       used 44131K, capacity 45189K, committed 45308K, reserved 1089536K
  class space    used 5161K, capacity 5568K, committed 5628K, reserved 1048576K
}
Event: 8.314 GC heap before
{Heap before GC invocations=8 (full 0):
 garbage-first heap   total 393216K, used 56656K [0x0000000681a00000, 0x0000000800000000)
  region size 1024K, 50 young (51200K), 15 survivors (15360K)
 Metaspace       used 51421K, capacity 52527K, committed 52604K, reserved 1095680K
  class space    used 6285K, capacity 6711K, committed 6780K, reserved 1048576K
}
Event: 8.339 GC heap after
{Heap after GC invocations=9 (full 0):
 garbage-first heap   total 393216K, used 24867K [0x0000000681a00000, 0x0000000800000000)
  region size 1024K, 18 young (18432K), 18 survivors (18432K)
 Metaspace       used 51421K, capacity 52527K, committed 52604K, reserved 1095680K
  class space    used 6285K, capacity 6711K, committed 6780K, reserved 1048576K
}
Event: 12.796 GC heap before
{Heap before GC invocations=10 (full 0):
 garbage-first heap   total 393216K, used 241955K [0x0000000681a00000, 0x0000000800000000)
  region size 1024K, 230 young (235520K), 18 survivors (18432K)
 Metaspace       used 70066K, capacity 71600K, committed 71804K, reserved 1112064K
  class space    used 8886K, capacity 9501K, committed 9596K, reserved 1048576K
}
Event: 12.830 GC heap after
{Heap after GC invocations=11 (full 0):
 garbage-first heap   total 472064K, used 38846K [0x0000000681a00000, 0x0000000800000000)
  region size 1024K, 27 young (27648K), 27 survivors (27648K)
 Metaspace       used 70066K, capacity 71600K, committed 71804K, reserved 1112064K
  class space    used 8886K, capacity 9501K, committed 9596K, reserved 1048576K
}

